<?xml version="1.0" encoding="UTF-8"?>
<testsuite xmlns:xsi="http://www.w3.org/2001/XMLSchema-instance" xsi:noNamespaceSchemaLocation="https://maven.apache.org/surefire/maven-surefire-plugin/xsd/surefire-test-report.xsd" name="booking.BookingTest" time="6.036" tests="3" errors="0" skipped="0" failures="1">
  <properties>
[...]
</properties>
  <testcase name="testAll[1][1]" classname="booking.BookingTest" time="2.834">
    <failure message="deletebooking.feature:11 - status code was: 405, expected: 201, response time: 830, url: https://restful-booker.herokuapp.com/booking/1, response: Method Not Allowed" type="org.opentest4j.AssertionFailedError">org.opentest4j.AssertionFailedError: deletebooking.feature:11 - status code was: 405, expected: 201, response time: 830, url: https://restful-booker.herokuapp.com/booking/1, response: Method Not Allowed
</failure>
    <system-out><![CDATA[14:50:50.443 [main] INFO  com.intuit.karate - karate.env system property was:  
14:50:50.815 [main] DEBUG com.intuit.karate - request:
1 > POST https://restful-booker.herokuapp.com/auth
1 > Accept-Encoding: gzip,deflate
1 > Connection: Keep-Alive
1 > Content-Length: 45
1 > Content-Type: application/json; charset=UTF-8
1 > Host: restful-booker.herokuapp.com
1 > User-Agent: Apache-HttpClient/4.5.11 (Java/1.8.0_144)
{"username":"admin","password":"password123"}

14:50:52.226 [main] DEBUG com.intuit.karate - response time in milliseconds: 1408.39
1 < 200
1 < Connection: keep-alive
1 < Content-Length: 27
1 < Content-Type: application/json; charset=utf-8
1 < Date: Tue, 19 May 2020 07:50:52 GMT
1 < Etag: W/"1b-4/pU3JfEiyHBwI+up3YmI+ir/UA"
1 < Server: Cowboy
1 < Via: 1.1 vegur
1 < X-Powered-By: Express
{"token":"794edc1b6b9351e"}

14:50:52.240 [main] DEBUG com.intuit.karate - request:
1 > DELETE https://restful-booker.herokuapp.com/booking/1
1 > Accept-Encoding: gzip,deflate
1 > Connection: Keep-Alive
1 > Content-Type: application/json
1 > Cookie: token=794edc1b6b9351e
1 > Host: restful-booker.herokuapp.com
1 > User-Agent: Apache-HttpClient/4.5.11 (Java/1.8.0_144)

14:50:53.070 [main] DEBUG com.intuit.karate - response time in milliseconds: 829.76
1 < 405
1 < Connection: keep-alive
1 < Content-Length: 18
1 < Content-Type: text/plain; charset=utf-8
1 < Date: Tue, 19 May 2020 07:50:52 GMT
1 < Etag: W/"12-UGJMK66P4abaBlq0vKHJaCKuGCA"
1 < Server: Cowboy
1 < Via: 1.1 vegur
1 < X-Powered-By: Express
Method Not Allowed

14:50:53.071 [main] ERROR com.intuit.karate - status code was: 405, expected: 201, response time: 830, url: https://restful-booker.herokuapp.com/booking/1, response: Method Not Allowed
---------------------------------------------------------
feature: classpath:booking/delete/deletebooking.feature
scenarios:  1 | passed:  0 | failed:  1 | time: 2.5713
---------------------------------------------------------

HTML report: (paste into browser to view) | Karate version: 0.9.5
file:/Users/haekalwiralegawa/Documents/test/api-automation/api-automation/target/surefire-reports/booking.delete.deletebooking.html
---------------------------------------------------------

]]></system-out>
  </testcase>
  <testcase name="testAll[2][1]" classname="booking.BookingTest" time="1.698"/>
  <testcase name="testAll[3][1]" classname="booking.BookingTest" time="0.922"/>
</testsuite>